<?xml version="1.0" encoding="UTF-8"?>
<!-- Generated by org.testng.reporters.JUnitReportReporter -->
<testsuite hostname="vinnu" failures="0" tests="1" name="Internship.Invalidverification_login" time="14.486" errors="0" timestamp="2024-11-21T16:06:07 IST" skipped="0">
  <testcase classname="Internship.Invalidverification_login" name="login" time="14.486"/>
  <system-out/>
</testsuite> <!-- Internship.Invalidverification_login -->
