<?xml version="1.0" encoding="UTF-8"?>
<!-- Generated by org.testng.reporters.JUnitReportReporter -->
<testsuite hostname="vinnu" failures="0" tests="1" name="WebDriverMethod.testNG1" time="56.272" errors="0" timestamp="2024-10-23T15:46:22 IST" skipped="0">
  <testcase classname="WebDriverMethod.testNG1" name="login" time="56.272"/>
  <system-out/>
</testsuite> <!-- WebDriverMethod.testNG1 -->
