<?xml version="1.0" encoding="UTF-8"?>
<!-- Generated by org.testng.reporters.JUnitReportReporter -->
<testsuite hostname="vinnu" failures="0" tests="1" name="WebDriverMethod.testNg2" time="57.778" errors="0" timestamp="2024-10-23T15:46:22 IST" skipped="0">
  <testcase classname="WebDriverMethod.testNg2" name="register" time="57.778"/>
  <system-out/>
</testsuite> <!-- WebDriverMethod.testNg2 -->
