<?xml version="1.0" encoding="UTF-8"?>
<!-- Generated by org.testng.reporters.JUnitReportReporter -->
<testsuite hostname="vinnu" failures="0" tests="1" name="Internship.Edge_Browser" time="40.461" errors="0" timestamp="2024-11-21T16:37:43 IST" skipped="0">
  <testcase classname="Internship.Edge_Browser" name="login" time="40.461"/>
  <system-out/>
</testsuite> <!-- Internship.Edge_Browser -->
