<?xml version="1.0" encoding="UTF-8"?>
<!-- Generated by org.testng.reporters.JUnitReportReporter -->
<testsuite hostname="vinnu" failures="0" tests="2" name="WebDriverMethod.tn1" time="0.017" errors="0" timestamp="2024-10-23T10:10:52 IST" skipped="0">
  <testcase classname="WebDriverMethod.tn1" name="cartoon" time="0.015"/>
  <system-out>
    <![CDATA[TOM and Jerry]]>
  </system-out>
  <testcase classname="WebDriverMethod.tn1" name="Chocolate" time="0.002"/>
  <system-out>
    <![CDATA[Dairy silk]]>
  </system-out>
</testsuite> <!-- WebDriverMethod.tn1 -->
