<?xml version="1.0" encoding="UTF-8"?>
<!-- Generated by org.testng.reporters.JUnitReportReporter -->
<testsuite hostname="vinnu" failures="0" tests="1" name="Internship.FormSubmition" time="37.592" errors="0" timestamp="2024-11-21T16:18:29 IST" skipped="0">
  <testcase classname="Internship.FormSubmition" name="login" time="37.592"/>
  <system-out/>
</testsuite> <!-- Internship.FormSubmition -->
