<?xml version="1.0" encoding="UTF-8"?>
<!-- Generated by org.testng.reporters.JUnitReportReporter -->
<testsuite hostname="vinnu" failures="0" tests="1" name="Internship.NavigationTesting" time="24.829" errors="0" timestamp="2024-11-21T16:13:04 IST" skipped="0">
  <testcase classname="Internship.NavigationTesting" name="login" time="24.829"/>
  <system-out/>
</testsuite> <!-- Internship.NavigationTesting -->
