<?xml version="1.0" encoding="UTF-8"?>
<!-- Generated by org.testng.reporters.JUnitReportReporter -->
<testsuite hostname="vinnu" failures="0" tests="1" name="Internship.Verification_of_UI_Elements" time="20.529" errors="0" timestamp="2024-11-21T16:24:14 IST" skipped="0">
  <testcase classname="Internship.Verification_of_UI_Elements" name="login" time="20.529"/>
  <system-out/>
</testsuite> <!-- Internship.Verification_of_UI_Elements -->
