<?xml version="1.0" encoding="UTF-8"?>
<!-- Generated by org.testng.reporters.JUnitReportReporter -->
<testsuite hostname="vinnu" failures="0" tests="1" name="Internship.Empty_input_Login" time="11.364" errors="0" timestamp="2024-11-21T16:08:24 IST" skipped="0">
  <testcase classname="Internship.Empty_input_Login" name="login" time="11.364"/>
  <system-out/>
</testsuite> <!-- Internship.Empty_input_Login -->
