<?xml version="1.0" encoding="UTF-8"?>
<!-- Generated by org.testng.reporters.JUnitReportReporter -->
<testsuite hostname="vinnu" failures="0" tests="1" name="Internship.ValidVerification_login" time="24.685" errors="0" timestamp="2024-11-21T15:40:57 IST" skipped="0">
  <testcase classname="Internship.ValidVerification_login" name="login" time="24.685"/>
  <system-out/>
</testsuite> <!-- Internship.ValidVerification_login -->
