<?xml version="1.0" encoding="UTF-8"?>
<!-- Generated by org.testng.reporters.JUnitReportReporter -->
<testsuite hostname="vinnu" failures="0" tests="1" name="Internship.ValidVerificationlogin" time="54.252" errors="0" timestamp="2024-11-20T13:09:48 IST" skipped="0">
  <testcase classname="Internship.ValidVerificationlogin" name="login" time="54.252"/>
  <system-out/>
</testsuite> <!-- Internship.ValidVerificationlogin -->
