<?xml version="1.0" encoding="UTF-8"?>
<!-- Generated by org.testng.reporters.JUnitReportReporter -->
<testsuite hostname="vinnu" failures="0" tests="1" name="Internship.Verification_on_formSubmition" time="33.094" errors="0" timestamp="2024-11-21T16:21:58 IST" skipped="0">
  <testcase classname="Internship.Verification_on_formSubmition" name="login" time="33.094"/>
  <system-out/>
</testsuite> <!-- Internship.Verification_on_formSubmition -->
