<?xml version="1.0" encoding="UTF-8"?>
<!-- Generated by org.testng.reporters.JUnitReportReporter -->
<testsuite hostname="vinnu" failures="0" tests="1" name="Internship.Chrome_Browser" time="32.611" errors="0" timestamp="2024-11-21T16:37:43 IST" skipped="0">
  <testcase classname="Internship.Chrome_Browser" name="login" time="32.611"/>
  <system-out/>
</testsuite> <!-- Internship.Chrome_Browser -->
